2022-05-16 07:48:46,399 - Mensaje nuevo de traps recibido
2022-05-16 07:48:46,401 - 1.3.6.1.2.1.1.3.0 = 2022-05-16 07:49:13,303 - 127.0.0.1 - - [16/May/2022 07:49:13] "GET /interface/monitor HTTP/1.1" 200 -
2022-05-16 07:49:22,185 - 127.0.0.1 - - [16/May/2022 07:49:22] "GET /interface/monitor HTTP/1.1" 200 -
2022-05-16 07:49:24,749 - 127.0.0.1 - - [16/May/2022 07:49:24] "GET /interface/monitor HTTP/1.1" 200 -
2022-05-16 07:50:10,373 - 127.0.0.1 - - [16/May/2022 07:50:10] "GET /interface/monitor HTTP/1.1" 200 -
7:48:47,412 - Mensaje nuevo de traps recibido
2022-05-16 07:48:47,413 - 1.3.6.1.2.1.1.3.0 = 75900
2022-05-16 07:48:47,414 - 1.3.6.1.6.3.1.1.4.1.0 = 1.3.6.1.6.3.1.1.5.3
2022-05-16 07:48:47,415 - 1.3.6.1.2.1.2.2.1.1.1 = 1
2022-05-16 07:48:47,416 - 1.3.6.1.2.1.2.2.1.2.1 = FastEthernet0/0
2022-05-16 07:48:47,417 - 1.3.6.1.2.1.2.2.1.3.1 = 6
2022-05-16 07:48:47,417 - 1.3.6.1.4.1.9.2.2.1.1.20.1 = administratively down
2022-05-16 07:48:47,418 - ==== Fin del mensaje de la trampa ====
2022-05-16 07:49:01,028 - Mensaje nuevo de traps recibido
2022-05-16 07:49:01,029 - 1.3.6.1.2.1.1.3.0 = 77181
2022-05-16 07:49:01,031 - 1.3.6.1.6.3.1.1.4.1.0 = 1.3.6.1.4.1.9.9.138.2.0.2
2022-05-16 07:49:01,032 - 1.3.6.1.4.1.9.9.138.1.3.3.1.3.10 = 13
2022-05-16 07:49:01,033 - 1.3.6.1.4.1.9.9.138.1.3.3.1.4.10 = 1
2022-05-16 07:49:01,034 - 1.3.6.1.4.1.9.9.138.1.3.3.1.5.10 = 4
2022-05-16 07:49:01,034 - 1.3.6.1.4.1.9.9.138.1.3.3.1.6.10 = 77181
2022-05-16 07:49:01,035 - ==== Fin del mensaje de la trampa ====
2022-05-16 07:49:01,281 - Mensaje nuevo de traps recibido
2022-05-16 07:49:01,282 - 1.3.6.1.2.1.1.3.0 = 77185
2022-05-16 07:49:01,283 - 1.3.6.1.6.3.1.1.4.1.0 = 1.3.6.1.4.1.9.9.41.2.0.1
2022-05-16 07:49:01,284 - 1.3.6.1.4.1.9.9.41.1.2.3.1.2.10 = LINK
2022-05-16 07:49:01,285 - 1.3.6.1.4.1.9.9.41.1.2.3.1.3.10 = 4
2022-05-16 07:49:01,286 - 1.3.6.1.4.1.9.9.41.1.2.3.1.4.10 = UPDOWN
2022-05-16 07:49:01,287 - 1.3.6.1.4.1.9.9.41.1.2.3.1.5.10 = Interface FastEthernet0/0, changed state to up
2022-05-16 07:49:01,288 - 1.3.6.1.4.1.9.9.41.1.2.3.1.6.10 = 77181
2022-05-16 07:49:01,289 - ==== Fin del mensaje de la trampa ====
2022-05-16 07:49:01,997 - Mensaje nuevo de traps recibido
2022-05-16 07:49:01,998 - 1.3.6.1.2.1.1.3.0 = 77282
2022-05-16 07:49:01,999 - 1.3.6.1.6.3.1.1.4.1.0 = 1.3.6.1.6.3.1.1.5.4
2022-05-16 07:49:02,001 - 1.3.6.1.2.1.2.2.1.1.1 = 1
2022-05-16 07:49:02,002 - 1.3.6.1.2.1.2.2.1.2.1 = FastEthernet0/0
2022-05-16 07:49:02,002 - 1.3.6.1.2.1.2.2.1.3.1 = 6
2022-05-16 07:49:02,003 - 1.3.6.1.4.1.9.2.2.1.1.20.1 = up
2022-05-16 07:49:02,004 - ==== Fin del mensaje de la trampa ====
